<?xml version="1.0" encoding="UTF-8"?>
<robot generator="Robot 3.2.2 (Python 3.8.2 on darwin)" generated="20210701 14:23:21.159" rpa="false">
<suite id="s1" name="Test" source="/Users/s92373/Desktop/test/test.robot">
<test id="s1-t1" name="Test open web">
<kw name="Open Browser" library="SeleniumLibrary">
<doc>Opens a new browser instance to the optional ``url``.</doc>
<arguments>
<arg>https://www.amazon.com/</arg>
<arg>gc</arg>
</arguments>
<msg timestamp="20210701 14:23:21.403" level="INFO">Opening browser 'gc' to base url 'https://www.amazon.com/'.</msg>
<status status="PASS" starttime="20210701 14:23:21.402" endtime="20210701 14:23:26.656"></status>
</kw>
<kw name="Input Text" library="SeleniumLibrary">
<doc>Types the given ``text`` into the text field identified by ``locator``.</doc>
<arguments>
<arg>xpath=//input[@id="twotabsearchtextbox"]</arg>
<arg>Game of Thrones Season 1</arg>
</arguments>
<msg timestamp="20210701 14:23:26.661" level="INFO">Typing text 'Game of Thrones Season 1' into text field 'xpath=//input[@id="twotabsearchtextbox"]'.</msg>
<status status="PASS" starttime="20210701 14:23:26.657" endtime="20210701 14:23:26.991"></status>
</kw>
<kw name="Click Element" library="SeleniumLibrary">
<doc>Click the element identified by ``locator``.</doc>
<arguments>
<arg>xpath=//input[@id="nav-search-submit-button"]</arg>
</arguments>
<msg timestamp="20210701 14:23:26.992" level="INFO">Clicking element 'xpath=//input[@id="nav-search-submit-button"]'.</msg>
<status status="PASS" starttime="20210701 14:23:26.991" endtime="20210701 14:23:30.547"></status>
</kw>
<kw name="Wait Until Page Contains" library="SeleniumLibrary">
<doc>Waits until ``text`` appears on the current page.</doc>
<arguments>
<arg>Game of Thrones Season 1</arg>
</arguments>
<status status="PASS" starttime="20210701 14:23:30.547" endtime="20210701 14:23:30.591"></status>
</kw>
<status status="PASS" starttime="20210701 14:23:21.402" endtime="20210701 14:23:30.591" critical="yes"></status>
</test>
<test id="s1-t2" name="Verify Game Of Thrones: The Complete Sixth Season form search">
<kw name="Wait Until Page Contains" library="SeleniumLibrary">
<doc>Waits until ``text`` appears on the current page.</doc>
<arguments>
<arg>Game Of Thrones: The Complete Sixth Season form search</arg>
<arg>10s</arg>
</arguments>
<kw name="Capture Page Screenshot" library="SeleniumLibrary">
<doc>Takes a screenshot of the current page and embeds it into a log file.</doc>
<msg timestamp="20210701 14:23:41.239" level="INFO" html="yes">&lt;/td&gt;&lt;/tr&gt;&lt;tr&gt;&lt;td colspan="3"&gt;&lt;a href="selenium-screenshot-2.png"&gt;&lt;img src="selenium-screenshot-2.png" width="800px"&gt;&lt;/a&gt;</msg>
<status status="PASS" starttime="20210701 14:23:40.752" endtime="20210701 14:23:41.239"></status>
</kw>
<msg timestamp="20210701 14:23:41.243" level="FAIL">Text 'Game Of Thrones: The Complete Sixth Season form search' did not appear in 10 seconds.</msg>
<status status="FAIL" starttime="20210701 14:23:30.593" endtime="20210701 14:23:41.243"></status>
</kw>
<status status="FAIL" starttime="20210701 14:23:30.593" endtime="20210701 14:23:41.243" critical="yes">Text 'Game Of Thrones: The Complete Sixth Season form search' did not appear in 10 seconds.</status>
</test>
<kw name="Close Browser" library="SeleniumLibrary" type="teardown">
<doc>Closes the current browser.</doc>
<status status="PASS" starttime="20210701 14:23:41.244" endtime="20210701 14:23:41.419"></status>
</kw>
<status status="FAIL" starttime="20210701 14:23:21.161" endtime="20210701 14:23:41.419"></status>
</suite>
<statistics>
<total>
<stat pass="1" fail="1">Critical Tests</stat>
<stat pass="1" fail="1">All Tests</stat>
</total>
<tag>
</tag>
<suite>
<stat pass="1" fail="1" id="s1" name="Test">Test</stat>
</suite>
</statistics>
<errors>
</errors>
</robot>
